   Compiling plonkish_backend v0.1.0 (/Users/ak36/Desktop/bunz/plonkish/plonkish_backend)
    Finished release [optimized] target(s) in 21.32s
     Running unittests src/lib.rs (target/release/deps/plonkish_backend-6d58896808433720)

running 1 test
Start:   preprocess
[2023-11-29T04:30:07Z INFO  halo2_base::gates::flex_gate] Poisoned rows after FlexGateConfig::configure 9
[2023-11-29T04:30:07Z INFO  halo2_base::gates::range] Poisoned rows after RangeConfig::configure 9
··Start:   variable_base_msm-131072
··End:     variable_base_msm-131072 ................................................15.419ms
··Start:   variable_base_msm-131072
··End:     variable_base_msm-131072 ................................................16.181ms
··Start:   variable_base_msm-131072
··End:     variable_base_msm-131072 ................................................18.296ms
··Start:   variable_base_msm-131072
··End:     variable_base_msm-131072 ................................................16.158ms
··Start:   variable_base_msm-131072
··End:     variable_base_msm-131072 ................................................16.850ms
··Start:   variable_base_msm-131072
··End:     variable_base_msm-131072 ................................................15.993ms
··Start:   variable_base_msm-131072
··End:     variable_base_msm-131072 ................................................15.720ms
··Start:   variable_base_msm-131072
··End:     variable_base_msm-131072 ................................................14.385ms
··Start:   variable_base_msm-131072
··End:     variable_base_msm-131072 ................................................15.765ms
··Start:   variable_base_msm-131072
··End:     variable_base_msm-131072 ................................................36.079ms
··Start:   variable_base_msm-131072
··End:     variable_base_msm-131072 ................................................34.043ms
··Start:   variable_base_msm-131072
··End:     variable_base_msm-131072 ................................................41.131ms
··Start:   variable_base_msm-131072
··End:     variable_base_msm-131072 ................................................45.913ms
··Start:   variable_base_msm-131072
··End:     variable_base_msm-131072 ................................................45.193ms
··Start:   variable_base_msm-131072
··End:     variable_base_msm-131072 ................................................48.530ms
··Start:   variable_base_msm-131072
··End:     variable_base_msm-131072 ................................................50.922ms
··Start:   variable_base_msm-131072
··End:     variable_base_msm-131072 ................................................51.973ms
··Start:   variable_base_msm-131072
··End:     variable_base_msm-131072 ................................................51.609ms
··Start:   variable_base_msm-131072
··End:     variable_base_msm-131072 ................................................48.523ms
[2023-11-29T04:30:08Z INFO  halo2_base::gates::flex_gate] Poisoned rows after FlexGateConfig::configure 9
[2023-11-29T04:30:08Z INFO  halo2_base::gates::range] Poisoned rows after RangeConfig::configure 9
··Start:   fold_accumulator_from_nark witness_comms-11
··End:     fold_accumulator_from_nark witness_comms-11 .............................89.483ms
··Start:   fold_accumulator_from_nark e_comm
··End:     fold_accumulator_from_nark e_comm .......................................13.075ms
copy_manager.advice_equalities: 324337
copy_manager.constant_equalities: 166809
Assigned instance AssignedValue { value: Trivial(0x0000000000000000000000000000000000000000000000000000000000000000), cell: Some(ContextCell { type_id: TypeId { t: 138225753924697899120126491281084398395 }, context_id: 0, offset: 1656 }) } to instance_col Column { index: 0, column_type: Instance }
Assigned instance cell: Cell { region_index: RegionIndex(0), row_offset: 1656, column: Column { index: 0, column_type: Advice } } to row 0
Assigned instance AssignedValue { value: Trivial(0x0000000000000000000000000000000000000000000000000000000000000000), cell: Some(ContextCell { type_id: TypeId { t: 138225753924697899120126491281084398395 }, context_id: 0, offset: 20 }) } to instance_col Column { index: 0, column_type: Instance }
Assigned instance cell: Cell { region_index: RegionIndex(0), row_offset: 20, column: Column { index: 0, column_type: Advice } } to row 1
··Start:   variable_base_msm-131072
··End:     variable_base_msm-131072 ................................................19.372ms
··Start:   variable_base_msm-131072
··End:     variable_base_msm-131072 ................................................15.918ms
··Start:   variable_base_msm-131072
··End:     variable_base_msm-131072 ................................................19.838ms
··Start:   variable_base_msm-131072
··End:     variable_base_msm-131072 ................................................20.348ms
··Start:   variable_base_msm-131072
··End:     variable_base_msm-131072 ................................................20.279ms
··Start:   variable_base_msm-131072
··End:     variable_base_msm-131072 ................................................22.171ms
··Start:   variable_base_msm-131072
··End:     variable_base_msm-131072 ................................................20.271ms
··Start:   variable_base_msm-131072
··End:     variable_base_msm-131072 ................................................17.097ms
··Start:   variable_base_msm-131072
··End:     variable_base_msm-131072 ................................................16.541ms
··Start:   variable_base_msm-131072
··End:     variable_base_msm-131072 ................................................44.392ms
··Start:   variable_base_msm-131072
··End:     variable_base_msm-131072 ................................................36.974ms
··Start:   variable_base_msm-131072
··End:     variable_base_msm-131072 ................................................50.805ms
··Start:   variable_base_msm-131072
··End:     variable_base_msm-131072 ................................................45.240ms
··Start:   variable_base_msm-131072
··End:     variable_base_msm-131072 ................................................49.965ms
··Start:   variable_base_msm-131072
··End:     variable_base_msm-131072 ................................................50.804ms
··Start:   variable_base_msm-131072
··End:     variable_base_msm-131072 ................................................46.910ms
··Start:   variable_base_msm-131072
··End:     variable_base_msm-131072 ................................................43.176ms
··Start:   fold_accumulator_from_nark witness_comms-11
··End:     fold_accumulator_from_nark witness_comms-11 .............................77.814ms
··Start:   fold_accumulator_from_nark e_comm
··End:     fold_accumulator_from_nark e_comm .......................................17.343ms
copy_manager.advice_equalities: 324337
copy_manager.constant_equalities: 166881
Assigned instance AssignedValue { value: Trivial(0x0000000000000000000000000000000000000000000000000000000000000000), cell: Some(ContextCell { type_id: TypeId { t: 320913363025596387201335288517409670207 }, context_id: 0, offset: 1656 }) } to instance_col Column { index: 0, column_type: Instance }
Assigned instance cell: Cell { region_index: RegionIndex(0), row_offset: 1656, column: Column { index: 0, column_type: Advice } } to row 0
Assigned instance AssignedValue { value: Trivial(0x0000000000000000000000000000000000000000000000000000000000000000), cell: Some(ContextCell { type_id: TypeId { t: 320913363025596387201335288517409670207 }, context_id: 0, offset: 20 }) } to instance_col Column { index: 0, column_type: Instance }
Assigned instance cell: Cell { region_index: RegionIndex(0), row_offset: 20, column: Column { index: 0, column_type: Advice } } to row 1
··Start:   variable_base_msm-131072
··End:     variable_base_msm-131072 ................................................16.749ms
··Start:   variable_base_msm-131072
··End:     variable_base_msm-131072 ................................................15.979ms
··Start:   variable_base_msm-131072
··End:     variable_base_msm-131072 ................................................18.089ms
··Start:   variable_base_msm-131072
··End:     variable_base_msm-131072 ................................................16.480ms
··Start:   variable_base_msm-131072
··End:     variable_base_msm-131072 ................................................20.548ms
··Start:   variable_base_msm-131072
··End:     variable_base_msm-131072 ................................................17.294ms
··Start:   variable_base_msm-131072
··End:     variable_base_msm-131072 ................................................19.262ms
··Start:   variable_base_msm-131072
··End:     variable_base_msm-131072 ................................................15.001ms
··Start:   variable_base_msm-131072
··End:     variable_base_msm-131072 ................................................13.469ms
··Start:   variable_base_msm-131072
··End:     variable_base_msm-131072 ................................................35.345ms
··Start:   variable_base_msm-131072
··End:     variable_base_msm-131072 ................................................38.570ms
··Start:   variable_base_msm-131072
··End:     variable_base_msm-131072 ................................................48.725ms
··Start:   variable_base_msm-131072
··End:     variable_base_msm-131072 ................................................49.838ms
··Start:   variable_base_msm-131072
··End:     variable_base_msm-131072 ................................................53.089ms
··Start:   variable_base_msm-131072
··End:     variable_base_msm-131072 ................................................52.940ms
··Start:   variable_base_msm-131072
··End:     variable_base_msm-131072 ................................................48.925ms
··Start:   variable_base_msm-131072
··End:     variable_base_msm-131072 ................................................44.645ms
End:     preprocess ................................................................10.997s
Start:   prove_steps
··Start:   prove_accumulation_from_nark-primary-17
····Start:   witness_collector-0
······Start:   fold_accumulator_from_nark witness_comms-11
······End:     fold_accumulator_from_nark witness_comms-11 .........................78.530ms
······Start:   fold_accumulator_from_nark e_comm
······End:     fold_accumulator_from_nark e_comm ...................................29.326ms
copy_manager.advice_equalities: 324337
copy_manager.constant_equalities: 166881
[/Users/ak36/Desktop/axiom/halo2-lib/halo2-base/src/virtual_region/copy_constraints.rs:115] "WARNING: advice_equalities not empty" = "WARNING: advice_equalities not empty"
[/Users/ak36/Desktop/axiom/halo2-lib/halo2-base/src/virtual_region/copy_constraints.rs:118] "WARNING: constant_equalities not empty" = "WARNING: constant_equalities not empty"
Assigned instance AssignedValue { value: Trivial(0x0000000000000000000000000000000000000000000000000000000000000000), cell: Some(ContextCell { type_id: TypeId { t: 320913363025596387201335288517409670207 }, context_id: 0, offset: 1656 }) } to instance_col Column { index: 0, column_type: Instance }
Assigned instance cell: Cell { region_index: RegionIndex(0), row_offset: 1656, column: Column { index: 0, column_type: Advice } } to row 0
Assigned instance AssignedValue { value: Trivial(0x039b2245e478e4ef8c80777143b2ba058b9d41080e0f0c8827129e65a3ccc03f), cell: Some(ContextCell { type_id: TypeId { t: 320913363025596387201335288517409670207 }, context_id: 0, offset: 20 }) } to instance_col Column { index: 0, column_type: Instance }
Assigned instance cell: Cell { region_index: RegionIndex(0), row_offset: 20, column: Column { index: 0, column_type: Advice } } to row 1
····End:     witness_collector-0 ...................................................396.732ms
····Start:   variable_base_msm-131072
····End:     variable_base_msm-131072 ..............................................252.753ms
····Start:   variable_base_msm-131072
····End:     variable_base_msm-131072 ..............................................160.478ms
····Start:   variable_base_msm-131072
····End:     variable_base_msm-131072 ..............................................185.556ms
····Start:   variable_base_msm-131072
····End:     variable_base_msm-131072 ..............................................159.268ms
····Start:   variable_base_msm-131072
····End:     variable_base_msm-131072 ..............................................320.173ms
····Start:   variable_base_msm-131072
····End:     variable_base_msm-131072 ..............................................48.527ms
····Start:   variable_base_msm-131072
····End:     variable_base_msm-131072 ..............................................15.646ms
····Start:   variable_base_msm-131072
····End:     variable_base_msm-131072 ..............................................15.981ms
····Start:   lookup_compressed_polys-1
······Start:   compressed_input_poly
······End:     compressed_input_poly ...............................................627.292µs
······Start:   compressed_table_poly
······End:     compressed_table_poly ...............................................548.042µs
····End:     lookup_compressed_polys-1 .............................................2.118ms
····Start:   lookup_m_polys-1
····End:     lookup_m_polys-1 ......................................................3.947ms
····Start:   variable_base_msm-131072
····End:     variable_base_msm-131072 ..............................................15.839ms
····Start:   lookup_h_polys-1
····End:     lookup_h_polys-1 ......................................................10.122ms
····Start:   variable_base_msm-131072
····End:     variable_base_msm-131072 ..............................................321.265ms
····Start:   variable_base_msm-131072
····End:     variable_base_msm-131072 ..............................................17.600ms
····Start:   evaluate_cross_term_polys-2
····End:     evaluate_cross_term_polys-2 ...........................................75.235ms
····Start:   variable_base_msm-131072
····End:     variable_base_msm-131072 ..............................................15.907ms
····Start:   variable_base_msm-131072
····End:     variable_base_msm-131072 ..............................................14.737ms
····Start:   fold_uncompressed
······Start:   variable_base_msm-2
······End:     variable_base_msm-2 .................................................388.333µs
······Start:   variable_base_msm-2
······End:     variable_base_msm-2 .................................................418.333µs
······Start:   variable_base_msm-2
······End:     variable_base_msm-2 .................................................412.750µs
······Start:   variable_base_msm-2
······End:     variable_base_msm-2 .................................................388.167µs
······Start:   variable_base_msm-2
······End:     variable_base_msm-2 .................................................386.667µs
······Start:   variable_base_msm-2
······End:     variable_base_msm-2 .................................................387.250µs
······Start:   variable_base_msm-2
······End:     variable_base_msm-2 .................................................420.917µs
······Start:   variable_base_msm-2
······End:     variable_base_msm-2 .................................................400.208µs
······Start:   variable_base_msm-2
······End:     variable_base_msm-2 .................................................388.875µs
······Start:   variable_base_msm-2
······End:     variable_base_msm-2 .................................................387.500µs
······Start:   variable_base_msm-2
······End:     variable_base_msm-2 .................................................388.250µs
······Start:   variable_base_msm-4
······End:     variable_base_msm-4 .................................................449.250µs
····End:     fold_uncompressed .....................................................15.911ms
··End:     prove_accumulation_from_nark-primary-17 .................................2.051s
··Start:   prove_accumulation_from_nark-secondary-17
····Start:   witness_collector-0
······Start:   fold_accumulator_from_nark witness_comms-11
······End:     fold_accumulator_from_nark witness_comms-11 .........................74.362ms
······Start:   fold_accumulator_from_nark e_comm
······End:     fold_accumulator_from_nark e_comm ...................................31.615ms
copy_manager.advice_equalities: 324337
copy_manager.constant_equalities: 166809
[/Users/ak36/Desktop/axiom/halo2-lib/halo2-base/src/virtual_region/copy_constraints.rs:115] "WARNING: advice_equalities not empty" = "WARNING: advice_equalities not empty"
[/Users/ak36/Desktop/axiom/halo2-lib/halo2-base/src/virtual_region/copy_constraints.rs:118] "WARNING: constant_equalities not empty" = "WARNING: constant_equalities not empty"
Assigned instance AssignedValue { value: Trivial(0x039b2245e478e4ef8c80777143b2ba058b9d41080e0f0c8827129e65a3ccc03f), cell: Some(ContextCell { type_id: TypeId { t: 138225753924697899120126491281084398395 }, context_id: 0, offset: 1656 }) } to instance_col Column { index: 0, column_type: Instance }
Assigned instance cell: Cell { region_index: RegionIndex(0), row_offset: 1656, column: Column { index: 0, column_type: Advice } } to row 0
Assigned instance AssignedValue { value: Trivial(0x00163504c28d7582bfd0c6647d4e207b8aea0f0b9df2d31cbb6de491e73884dd), cell: Some(ContextCell { type_id: TypeId { t: 138225753924697899120126491281084398395 }, context_id: 0, offset: 20 }) } to instance_col Column { index: 0, column_type: Instance }
Assigned instance cell: Cell { region_index: RegionIndex(0), row_offset: 20, column: Column { index: 0, column_type: Advice } } to row 1
····End:     witness_collector-0 ...................................................367.349ms
····Start:   variable_base_msm-131072
····End:     variable_base_msm-131072 ..............................................242.490ms
····Start:   variable_base_msm-131072
····End:     variable_base_msm-131072 ..............................................181.032ms
····Start:   variable_base_msm-131072
····End:     variable_base_msm-131072 ..............................................161.236ms
····Start:   variable_base_msm-131072
····End:     variable_base_msm-131072 ..............................................167.869ms
····Start:   variable_base_msm-131072
····End:     variable_base_msm-131072 ..............................................254.921ms
····Start:   variable_base_msm-131072
····End:     variable_base_msm-131072 ..............................................42.652ms
····Start:   variable_base_msm-131072
····End:     variable_base_msm-131072 ..............................................13.630ms
····Start:   variable_base_msm-131072
····End:     variable_base_msm-131072 ..............................................14.458ms
····Start:   lookup_compressed_polys-1
······Start:   compressed_input_poly
······End:     compressed_input_poly ...............................................856.500µs
······Start:   compressed_table_poly
······End:     compressed_table_poly ...............................................985.833µs
····End:     lookup_compressed_polys-1 .............................................2.776ms
····Start:   lookup_m_polys-1
····End:     lookup_m_polys-1 ......................................................3.865ms
····Start:   variable_base_msm-131072
····End:     variable_base_msm-131072 ..............................................13.216ms
····Start:   lookup_h_polys-1
····End:     lookup_h_polys-1 ......................................................9.141ms
····Start:   variable_base_msm-131072
····End:     variable_base_msm-131072 ..............................................311.801ms
····Start:   variable_base_msm-131072
····End:     variable_base_msm-131072 ..............................................15.785ms
····Start:   evaluate_cross_term_polys-2
····End:     evaluate_cross_term_polys-2 ...........................................78.317ms
····Start:   variable_base_msm-131072
····End:     variable_base_msm-131072 ..............................................15.742ms
····Start:   variable_base_msm-131072
····End:     variable_base_msm-131072 ..............................................15.128ms
····Start:   fold_uncompressed
······Start:   variable_base_msm-2
······End:     variable_base_msm-2 .................................................383.584µs
······Start:   variable_base_msm-2
······End:     variable_base_msm-2 .................................................382.875µs
······Start:   variable_base_msm-2
······End:     variable_base_msm-2 .................................................382.167µs
······Start:   variable_base_msm-2
······End:     variable_base_msm-2 .................................................420.791µs
······Start:   variable_base_msm-2
······End:     variable_base_msm-2 .................................................382.333µs
······Start:   variable_base_msm-2
······End:     variable_base_msm-2 .................................................383.000µs
······Start:   variable_base_msm-2
······End:     variable_base_msm-2 .................................................418.083µs
······Start:   variable_base_msm-2
······End:     variable_base_msm-2 .................................................413.708µs
······Start:   variable_base_msm-2
······End:     variable_base_msm-2 .................................................399.208µs
······Start:   variable_base_msm-2
······End:     variable_base_msm-2 .................................................382.833µs
······Start:   variable_base_msm-2
······End:     variable_base_msm-2 .................................................382.291µs
······Start:   variable_base_msm-4
······End:     variable_base_msm-4 .................................................467.375µs
····End:     fold_uncompressed .....................................................17.127ms
··End:     prove_accumulation_from_nark-secondary-17 ...............................1.931s
··Start:   prove_accumulation_from_nark-primary-17
····Start:   witness_collector-0
······Start:   fold_accumulator_from_nark witness_comms-11
······End:     fold_accumulator_from_nark witness_comms-11 .........................79.012ms
······Start:   fold_accumulator_from_nark e_comm
······End:     fold_accumulator_from_nark e_comm ...................................21.812ms
copy_manager.advice_equalities: 324337
copy_manager.constant_equalities: 166881
[/Users/ak36/Desktop/axiom/halo2-lib/halo2-base/src/virtual_region/copy_constraints.rs:115] "WARNING: advice_equalities not empty" = "WARNING: advice_equalities not empty"
[/Users/ak36/Desktop/axiom/halo2-lib/halo2-base/src/virtual_region/copy_constraints.rs:118] "WARNING: constant_equalities not empty" = "WARNING: constant_equalities not empty"
Assigned instance AssignedValue { value: Trivial(0x00163504c28d7582bfd0c6647d4e207b8aea0f0b9df2d31cbb6de491e73884dd), cell: Some(ContextCell { type_id: TypeId { t: 320913363025596387201335288517409670207 }, context_id: 0, offset: 1656 }) } to instance_col Column { index: 0, column_type: Instance }
Assigned instance cell: Cell { region_index: RegionIndex(0), row_offset: 1656, column: Column { index: 0, column_type: Advice } } to row 0
Assigned instance AssignedValue { value: Trivial(0x028146aca0c92fc2cb526b20109f974ddc52d1ba86df0b39b653b1ddcbe66e78), cell: Some(ContextCell { type_id: TypeId { t: 320913363025596387201335288517409670207 }, context_id: 0, offset: 20 }) } to instance_col Column { index: 0, column_type: Instance }
Assigned instance cell: Cell { region_index: RegionIndex(0), row_offset: 20, column: Column { index: 0, column_type: Advice } } to row 1
····End:     witness_collector-0 ...................................................394.972ms
····Start:   variable_base_msm-131072
····End:     variable_base_msm-131072 ..............................................269.426ms
····Start:   variable_base_msm-131072
····End:     variable_base_msm-131072 ..............................................190.833ms
····Start:   variable_base_msm-131072
····End:     variable_base_msm-131072 ..............................................174.281ms
····Start:   variable_base_msm-131072
····End:     variable_base_msm-131072 ..............................................165.375ms
····Start:   variable_base_msm-131072
····End:     variable_base_msm-131072 ..............................................296.044ms
····Start:   variable_base_msm-131072
····End:     variable_base_msm-131072 ..............................................47.462ms
····Start:   variable_base_msm-131072
····End:     variable_base_msm-131072 ..............................................14.748ms
····Start:   variable_base_msm-131072
····End:     variable_base_msm-131072 ..............................................14.462ms
····Start:   lookup_compressed_polys-1
······Start:   compressed_input_poly
······End:     compressed_input_poly ...............................................626.125µs
······Start:   compressed_table_poly
······End:     compressed_table_poly ...............................................619.833µs
····End:     lookup_compressed_polys-1 .............................................2.253ms
····Start:   lookup_m_polys-1
····End:     lookup_m_polys-1 ......................................................4.052ms
····Start:   variable_base_msm-131072
····End:     variable_base_msm-131072 ..............................................13.356ms
····Start:   lookup_h_polys-1
····End:     lookup_h_polys-1 ......................................................8.829ms
····Start:   variable_base_msm-131072
····End:     variable_base_msm-131072 ..............................................313.357ms
····Start:   variable_base_msm-131072
····End:     variable_base_msm-131072 ..............................................18.646ms
····Start:   evaluate_cross_term_polys-2
····End:     evaluate_cross_term_polys-2 ...........................................167.835ms
····Start:   variable_base_msm-131072
····End:     variable_base_msm-131072 ..............................................324.917ms
····Start:   variable_base_msm-131072
····End:     variable_base_msm-131072 ..............................................349.594ms
····Start:   fold_uncompressed
······Start:   variable_base_msm-2
······End:     variable_base_msm-2 .................................................389.583µs
······Start:   variable_base_msm-2
······End:     variable_base_msm-2 .................................................387.750µs
······Start:   variable_base_msm-2
······End:     variable_base_msm-2 .................................................387.167µs
······Start:   variable_base_msm-2
······End:     variable_base_msm-2 .................................................387.375µs
······Start:   variable_base_msm-2
······End:     variable_base_msm-2 .................................................387.209µs
······Start:   variable_base_msm-2
······End:     variable_base_msm-2 .................................................387.625µs
······Start:   variable_base_msm-2
······End:     variable_base_msm-2 .................................................388.042µs
······Start:   variable_base_msm-2
······End:     variable_base_msm-2 .................................................387.375µs
······Start:   variable_base_msm-2
······End:     variable_base_msm-2 .................................................388.917µs
······Start:   variable_base_msm-2
······End:     variable_base_msm-2 .................................................388.833µs
······Start:   variable_base_msm-2
······End:     variable_base_msm-2 .................................................389.000µs
······Start:   variable_base_msm-4
······End:     variable_base_msm-4 .................................................451.166µs
····End:     fold_uncompressed .....................................................15.482ms
··End:     prove_accumulation_from_nark-primary-17 .................................2.788s
··Start:   prove_accumulation_from_nark-secondary-17
····Start:   witness_collector-0
······Start:   fold_accumulator_from_nark witness_comms-11
······End:     fold_accumulator_from_nark witness_comms-11 .........................78.902ms
······Start:   fold_accumulator_from_nark e_comm
······End:     fold_accumulator_from_nark e_comm ...................................28.480ms
copy_manager.advice_equalities: 324337
copy_manager.constant_equalities: 166809
[/Users/ak36/Desktop/axiom/halo2-lib/halo2-base/src/virtual_region/copy_constraints.rs:115] "WARNING: advice_equalities not empty" = "WARNING: advice_equalities not empty"
[/Users/ak36/Desktop/axiom/halo2-lib/halo2-base/src/virtual_region/copy_constraints.rs:118] "WARNING: constant_equalities not empty" = "WARNING: constant_equalities not empty"
Assigned instance AssignedValue { value: Trivial(0x028146aca0c92fc2cb526b20109f974ddc52d1ba86df0b39b653b1ddcbe66e78), cell: Some(ContextCell { type_id: TypeId { t: 138225753924697899120126491281084398395 }, context_id: 0, offset: 1656 }) } to instance_col Column { index: 0, column_type: Instance }
Assigned instance cell: Cell { region_index: RegionIndex(0), row_offset: 1656, column: Column { index: 0, column_type: Advice } } to row 0
Assigned instance AssignedValue { value: Trivial(0x029107d388693a1ce12d8ce6ac23447e357a94588229e2ba8387495f3c20acd6), cell: Some(ContextCell { type_id: TypeId { t: 138225753924697899120126491281084398395 }, context_id: 0, offset: 20 }) } to instance_col Column { index: 0, column_type: Instance }
Assigned instance cell: Cell { region_index: RegionIndex(0), row_offset: 20, column: Column { index: 0, column_type: Advice } } to row 1
····End:     witness_collector-0 ...................................................388.790ms
····Start:   variable_base_msm-131072
····End:     variable_base_msm-131072 ..............................................263.119ms
····Start:   variable_base_msm-131072
····End:     variable_base_msm-131072 ..............................................198.193ms
····Start:   variable_base_msm-131072
····End:     variable_base_msm-131072 ..............................................165.037ms
····Start:   variable_base_msm-131072
····End:     variable_base_msm-131072 ..............................................194.677ms
····Start:   variable_base_msm-131072
····End:     variable_base_msm-131072 ..............................................274.623ms
····Start:   variable_base_msm-131072
····End:     variable_base_msm-131072 ..............................................45.426ms
····Start:   variable_base_msm-131072
····End:     variable_base_msm-131072 ..............................................14.232ms
····Start:   variable_base_msm-131072
····End:     variable_base_msm-131072 ..............................................14.189ms
····Start:   lookup_compressed_polys-1
······Start:   compressed_input_poly
······End:     compressed_input_poly ...............................................600.333µs
······Start:   compressed_table_poly
······End:     compressed_table_poly ...............................................866.667µs
····End:     lookup_compressed_polys-1 .............................................3.082ms
····Start:   lookup_m_polys-1
····End:     lookup_m_polys-1 ......................................................4.636ms
····Start:   variable_base_msm-131072
····End:     variable_base_msm-131072 ..............................................15.784ms
····Start:   lookup_h_polys-1
····End:     lookup_h_polys-1 ......................................................8.715ms
····Start:   variable_base_msm-131072
····End:     variable_base_msm-131072 ..............................................320.432ms
····Start:   variable_base_msm-131072
····End:     variable_base_msm-131072 ..............................................22.311ms
····Start:   evaluate_cross_term_polys-2
····End:     evaluate_cross_term_polys-2 ...........................................163.024ms
····Start:   variable_base_msm-131072
····End:     variable_base_msm-131072 ..............................................413.109ms
····Start:   variable_base_msm-131072
····End:     variable_base_msm-131072 ..............................................353.836ms
····Start:   fold_uncompressed
······Start:   variable_base_msm-2
······End:     variable_base_msm-2 .................................................410.250µs
······Start:   variable_base_msm-2
······End:     variable_base_msm-2 .................................................407.625µs
······Start:   variable_base_msm-2
······End:     variable_base_msm-2 .................................................412.208µs
······Start:   variable_base_msm-2
······End:     variable_base_msm-2 .................................................407.458µs
······Start:   variable_base_msm-2
······End:     variable_base_msm-2 .................................................406.125µs
······Start:   variable_base_msm-2
······End:     variable_base_msm-2 .................................................405.958µs
······Start:   variable_base_msm-2
······End:     variable_base_msm-2 .................................................406.917µs
······Start:   variable_base_msm-2
······End:     variable_base_msm-2 .................................................405.833µs
······Start:   variable_base_msm-2
······End:     variable_base_msm-2 .................................................406.584µs
······Start:   variable_base_msm-2
······End:     variable_base_msm-2 .................................................406.667µs
······Start:   variable_base_msm-2
······End:     variable_base_msm-2 .................................................407.417µs
······Start:   variable_base_msm-4
······End:     variable_base_msm-4 .................................................474.292µs
····End:     fold_uncompressed .....................................................23.678ms
··End:     prove_accumulation_from_nark-secondary-17 ...............................2.891s
··Start:   prove_accumulation_from_nark-primary-17
····Start:   witness_collector-0
······Start:   fold_accumulator_from_nark witness_comms-11
······End:     fold_accumulator_from_nark witness_comms-11 .........................85.515ms
······Start:   fold_accumulator_from_nark e_comm
······End:     fold_accumulator_from_nark e_comm ...................................36.575ms
copy_manager.advice_equalities: 324337
copy_manager.constant_equalities: 166881
[/Users/ak36/Desktop/axiom/halo2-lib/halo2-base/src/virtual_region/copy_constraints.rs:115] "WARNING: advice_equalities not empty" = "WARNING: advice_equalities not empty"
[/Users/ak36/Desktop/axiom/halo2-lib/halo2-base/src/virtual_region/copy_constraints.rs:118] "WARNING: constant_equalities not empty" = "WARNING: constant_equalities not empty"
Assigned instance AssignedValue { value: Trivial(0x029107d388693a1ce12d8ce6ac23447e357a94588229e2ba8387495f3c20acd6), cell: Some(ContextCell { type_id: TypeId { t: 320913363025596387201335288517409670207 }, context_id: 0, offset: 1656 }) } to instance_col Column { index: 0, column_type: Instance }
Assigned instance cell: Cell { region_index: RegionIndex(0), row_offset: 1656, column: Column { index: 0, column_type: Advice } } to row 0
Assigned instance AssignedValue { value: Trivial(0x02328cc1529659172d6b3367fd27e259a394546f2af27ba6bf5bbf3f3a95f207), cell: Some(ContextCell { type_id: TypeId { t: 320913363025596387201335288517409670207 }, context_id: 0, offset: 20 }) } to instance_col Column { index: 0, column_type: Instance }
Assigned instance cell: Cell { region_index: RegionIndex(0), row_offset: 20, column: Column { index: 0, column_type: Advice } } to row 1
····End:     witness_collector-0 ...................................................435.757ms
····Start:   variable_base_msm-131072
····End:     variable_base_msm-131072 ..............................................252.681ms
····Start:   variable_base_msm-131072
····End:     variable_base_msm-131072 ..............................................188.857ms
····Start:   variable_base_msm-131072
····End:     variable_base_msm-131072 ..............................................190.027ms
····Start:   variable_base_msm-131072
····End:     variable_base_msm-131072 ..............................................160.342ms
····Start:   variable_base_msm-131072
····End:     variable_base_msm-131072 ..............................................265.115ms
····Start:   variable_base_msm-131072
····End:     variable_base_msm-131072 ..............................................46.353ms
····Start:   variable_base_msm-131072
····End:     variable_base_msm-131072 ..............................................13.425ms
····Start:   variable_base_msm-131072
····End:     variable_base_msm-131072 ..............................................14.540ms
····Start:   lookup_compressed_polys-1
······Start:   compressed_input_poly
······End:     compressed_input_poly ...............................................573.333µs
······Start:   compressed_table_poly
······End:     compressed_table_poly ...............................................3.370ms
····End:     lookup_compressed_polys-1 .............................................5.084ms
····Start:   lookup_m_polys-1
····End:     lookup_m_polys-1 ......................................................4.524ms
····Start:   variable_base_msm-131072
····End:     variable_base_msm-131072 ..............................................16.270ms
····Start:   lookup_h_polys-1
····End:     lookup_h_polys-1 ......................................................9.956ms
····Start:   variable_base_msm-131072
····End:     variable_base_msm-131072 ..............................................324.526ms
····Start:   variable_base_msm-131072
····End:     variable_base_msm-131072 ..............................................19.332ms
····Start:   evaluate_cross_term_polys-2
····End:     evaluate_cross_term_polys-2 ...........................................163.754ms
····Start:   variable_base_msm-131072
····End:     variable_base_msm-131072 ..............................................304.358ms
····Start:   variable_base_msm-131072
····End:     variable_base_msm-131072 ..............................................312.173ms
····Start:   fold_uncompressed
······Start:   variable_base_msm-2
······End:     variable_base_msm-2 .................................................387.834µs
······Start:   variable_base_msm-2
······End:     variable_base_msm-2 .................................................387.208µs
······Start:   variable_base_msm-2
······End:     variable_base_msm-2 .................................................387.458µs
······Start:   variable_base_msm-2
······End:     variable_base_msm-2 .................................................387.000µs
······Start:   variable_base_msm-2
······End:     variable_base_msm-2 .................................................386.917µs
······Start:   variable_base_msm-2
······End:     variable_base_msm-2 .................................................387.417µs
······Start:   variable_base_msm-2
······End:     variable_base_msm-2 .................................................386.416µs
······Start:   variable_base_msm-2
······End:     variable_base_msm-2 .................................................388.000µs
······Start:   variable_base_msm-2
······End:     variable_base_msm-2 .................................................387.792µs
······Start:   variable_base_msm-2
······End:     variable_base_msm-2 .................................................386.875µs
······Start:   variable_base_msm-2
······End:     variable_base_msm-2 .................................................386.750µs
······Start:   variable_base_msm-4
······End:     variable_base_msm-4 .................................................450.083µs
····End:     fold_uncompressed .....................................................17.126ms
··End:     prove_accumulation_from_nark-primary-17 .................................2.747s
End:     prove_steps ...............................................................12.418s
Start:   prove_decider
··Start:   prove_decider-primary-17
····Start:   permutation_z_polys-8
······Start:   products
······End:     products ............................................................35.908ms
······Start:   z_polys
······End:     z_polys .............................................................19.882ms
······Start:   into_bh_order
······End:     into_bh_order .......................................................2.752ms
····End:     permutation_z_polys-8 .................................................59.280ms
····Start:   variable_base_msm-131072
····End:     variable_base_msm-131072 ..............................................312.867ms
····Start:   variable_base_msm-131072
····End:     variable_base_msm-131072 ..............................................314.954ms
····Start:   variable_base_msm-131072
····End:     variable_base_msm-131072 ..............................................327.608ms
····Start:   sum_check_prove-17-5
······Start:   sum_check_prove_round-0
······End:     sum_check_prove_round-0 .............................................206.074ms
······Start:   sum_check_next_round-0
······End:     sum_check_next_round-0 ..............................................67.112ms
······Start:   sum_check_prove_round-1
······End:     sum_check_prove_round-1 .............................................107.073ms
······Start:   sum_check_next_round-1
······End:     sum_check_next_round-1 ..............................................17.728ms
······Start:   sum_check_prove_round-2
······End:     sum_check_prove_round-2 .............................................59.742ms
······Start:   sum_check_next_round-2
······End:     sum_check_next_round-2 ..............................................12.580ms
······Start:   sum_check_prove_round-3
······End:     sum_check_prove_round-3 .............................................30.112ms
······Start:   sum_check_next_round-3
······End:     sum_check_next_round-3 ..............................................6.561ms
······Start:   sum_check_prove_round-4
······End:     sum_check_prove_round-4 .............................................17.271ms
······Start:   sum_check_next_round-4
······End:     sum_check_next_round-4 ..............................................5.211ms
······Start:   sum_check_prove_round-5
······End:     sum_check_prove_round-5 .............................................8.661ms
······Start:   sum_check_next_round-5
······End:     sum_check_next_round-5 ..............................................2.966ms
······Start:   sum_check_prove_round-6
······End:     sum_check_prove_round-6 .............................................4.791ms
······Start:   sum_check_next_round-6
······End:     sum_check_next_round-6 ..............................................2.227ms
······Start:   sum_check_prove_round-7
······End:     sum_check_prove_round-7 .............................................2.593ms
······Start:   sum_check_next_round-7
······End:     sum_check_next_round-7 ..............................................1.848ms
······Start:   sum_check_prove_round-8
······End:     sum_check_prove_round-8 .............................................1.163ms
······Start:   sum_check_next_round-8
······End:     sum_check_next_round-8 ..............................................1.459ms
······Start:   sum_check_prove_round-9
······End:     sum_check_prove_round-9 .............................................1.406ms
······Start:   sum_check_next_round-9
······End:     sum_check_next_round-9 ..............................................1.400ms
······Start:   sum_check_prove_round-10
······End:     sum_check_prove_round-10 ............................................503.291µs
······Start:   sum_check_next_round-10
······End:     sum_check_next_round-10 .............................................1.263ms
······Start:   sum_check_prove_round-11
······End:     sum_check_prove_round-11 ............................................288.833µs
······Start:   sum_check_next_round-11
······End:     sum_check_next_round-11 .............................................94.333µs
······Start:   sum_check_prove_round-12
······End:     sum_check_prove_round-12 ............................................166.917µs
······Start:   sum_check_next_round-12
······End:     sum_check_next_round-12 .............................................60.750µs
······Start:   sum_check_prove_round-13
······End:     sum_check_prove_round-13 ............................................111.792µs
······Start:   sum_check_next_round-13
······End:     sum_check_next_round-13 .............................................46.500µs
······Start:   sum_check_prove_round-14
······End:     sum_check_prove_round-14 ............................................88.709µs
······Start:   sum_check_next_round-14
······End:     sum_check_next_round-14 .............................................39.334µs
······Start:   sum_check_prove_round-15
······End:     sum_check_prove_round-15 ............................................49.375µs
······Start:   sum_check_next_round-15
······End:     sum_check_next_round-15 .............................................36.958µs
······Start:   sum_check_prove_round-16
······End:     sum_check_prove_round-16 ............................................35.667µs
······Start:   sum_check_next_round-16
······End:     sum_check_next_round-16 .............................................34.667µs
····End:     sum_check_prove-17-5 ..................................................566.549ms
····Start:   evals-53
····End:     evals-53 ..............................................................22.108ms
····Start:   pcs_batch_open-131
······Start:   merged_polys
······End:     merged_polys ........................................................101.057ms
······Start:   sum_check_prove-17-2
········Start:   sum_check_prove_round-0
········End:     sum_check_prove_round-0 ...........................................15.000ms
········Start:   sum_check_next_round-0
········End:     sum_check_next_round-0 ............................................18.756ms
········Start:   sum_check_prove_round-1
········End:     sum_check_prove_round-1 ...........................................7.621ms
········Start:   sum_check_next_round-1
········End:     sum_check_next_round-1 ............................................10.588ms
········Start:   sum_check_prove_round-2
········End:     sum_check_prove_round-2 ...........................................4.324ms
········Start:   sum_check_next_round-2
········End:     sum_check_next_round-2 ............................................5.314ms
········Start:   sum_check_prove_round-3
········End:     sum_check_prove_round-3 ...........................................3.095ms
········Start:   sum_check_next_round-3
········End:     sum_check_next_round-3 ............................................4.043ms
········Start:   sum_check_prove_round-4
········End:     sum_check_prove_round-4 ...........................................1.837ms
········Start:   sum_check_next_round-4
········End:     sum_check_next_round-4 ............................................2.374ms
········Start:   sum_check_prove_round-5
········End:     sum_check_prove_round-5 ...........................................1.127ms
········Start:   sum_check_next_round-5
········End:     sum_check_next_round-5 ............................................1.377ms
········Start:   sum_check_prove_round-6
········End:     sum_check_prove_round-6 ...........................................791.667µs
········Start:   sum_check_next_round-6
········End:     sum_check_next_round-6 ............................................1.180ms
········Start:   sum_check_prove_round-7
········End:     sum_check_prove_round-7 ...........................................755.709µs
········Start:   sum_check_next_round-7
········End:     sum_check_next_round-7 ............................................1.063ms
········Start:   sum_check_prove_round-8
········End:     sum_check_prove_round-8 ...........................................468.250µs
········Start:   sum_check_next_round-8
········End:     sum_check_next_round-8 ............................................865.417µs
········Start:   sum_check_prove_round-9
········End:     sum_check_prove_round-9 ...........................................607.375µs
········Start:   sum_check_next_round-9
········End:     sum_check_next_round-9 ............................................649.125µs
········Start:   sum_check_prove_round-10
········End:     sum_check_prove_round-10 ..........................................400.584µs
········Start:   sum_check_next_round-10
········End:     sum_check_next_round-10 ...........................................622.000µs
········Start:   sum_check_prove_round-11
········End:     sum_check_prove_round-11 ..........................................339.750µs
········Start:   sum_check_next_round-11
········End:     sum_check_next_round-11 ...........................................31.000µs
········Start:   sum_check_prove_round-12
········End:     sum_check_prove_round-12 ..........................................303.000µs
········Start:   sum_check_next_round-12
········End:     sum_check_next_round-12 ...........................................16.209µs
········Start:   sum_check_prove_round-13
········End:     sum_check_prove_round-13 ..........................................369.917µs
········Start:   sum_check_next_round-13
········End:     sum_check_next_round-13 ...........................................8.750µs
········Start:   sum_check_prove_round-14
········End:     sum_check_prove_round-14 ..........................................4.167µs
········Start:   sum_check_next_round-14
········End:     sum_check_next_round-14 ...........................................4.416µs
········Start:   sum_check_prove_round-15
········End:     sum_check_prove_round-15 ..........................................3.042µs
········Start:   sum_check_next_round-15
········End:     sum_check_next_round-15 ...........................................2.584µs
········Start:   sum_check_prove_round-16
········End:     sum_check_prove_round-16 ..........................................1.417µs
········Start:   sum_check_next_round-16
········End:     sum_check_next_round-16 ...........................................1.625µs
······End:     sum_check_prove-17-2 ................................................113.088ms
······Start:   g_prime
······End:     g_prime .............................................................13.606ms
······Start:   variable_base_msm-131
······End:     variable_base_msm-131 ...............................................2.037ms
······Start:   variable_base_msm-131072
······End:     variable_base_msm-131072 ............................................332.833ms
······Start:   variable_base_msm-65536
······End:     variable_base_msm-65536 .............................................169.007ms
······Start:   variable_base_msm-32768
······End:     variable_base_msm-32768 .............................................97.572ms
······Start:   variable_base_msm-16384
······End:     variable_base_msm-16384 .............................................60.661ms
······Start:   variable_base_msm-8192
······End:     variable_base_msm-8192 ..............................................34.787ms
······Start:   variable_base_msm-4096
······End:     variable_base_msm-4096 ..............................................18.622ms
······Start:   variable_base_msm-2048
······End:     variable_base_msm-2048 ..............................................11.749ms
······Start:   variable_base_msm-1024
······End:     variable_base_msm-1024 ..............................................7.204ms
······Start:   variable_base_msm-512
······End:     variable_base_msm-512 ...............................................4.165ms
······Start:   variable_base_msm-256
······End:     variable_base_msm-256 ...............................................2.826ms
······Start:   variable_base_msm-128
······End:     variable_base_msm-128 ...............................................1.970ms
······Start:   variable_base_msm-64
······End:     variable_base_msm-64 ................................................1.458ms
······Start:   variable_base_msm-32
······End:     variable_base_msm-32 ................................................972.084µs
······Start:   variable_base_msm-16
······End:     variable_base_msm-16 ................................................1.006ms
······Start:   variable_base_msm-8
······End:     variable_base_msm-8 .................................................641.000µs
······Start:   variable_base_msm-4
······End:     variable_base_msm-4 .................................................494.792µs
······Start:   variable_base_msm-2
······End:     variable_base_msm-2 .................................................433.334µs
······Start:   variable_base_msm-131070
······End:     variable_base_msm-131070 ............................................322.816ms
······Start:   variable_base_msm-18
······End:     variable_base_msm-18 ................................................871.958µs
······Start:   variable_base_msm-131072
······End:     variable_base_msm-131072 ............................................314.022ms
······Start:   variable_base_msm-131071
······End:     variable_base_msm-131071 ............................................391.795ms
····End:     pcs_batch_open-131 ....................................................2.063s
··End:     prove_decider-primary-17 ................................................3.668s
··Start:   prove_decider_with_last_nark-secondary-17
····Start:   witness_collector-0
······Start:   fold_accumulator_from_nark witness_comms-11
······End:     fold_accumulator_from_nark witness_comms-11 .........................79.882ms
······Start:   fold_accumulator_from_nark e_comm
······End:     fold_accumulator_from_nark e_comm ...................................26.653ms
copy_manager.advice_equalities: 324337
copy_manager.constant_equalities: 166809
[/Users/ak36/Desktop/axiom/halo2-lib/halo2-base/src/virtual_region/copy_constraints.rs:115] "WARNING: advice_equalities not empty" = "WARNING: advice_equalities not empty"
[/Users/ak36/Desktop/axiom/halo2-lib/halo2-base/src/virtual_region/copy_constraints.rs:118] "WARNING: constant_equalities not empty" = "WARNING: constant_equalities not empty"
Assigned instance AssignedValue { value: Trivial(0x02328cc1529659172d6b3367fd27e259a394546f2af27ba6bf5bbf3f3a95f207), cell: Some(ContextCell { type_id: TypeId { t: 138225753924697899120126491281084398395 }, context_id: 0, offset: 1656 }) } to instance_col Column { index: 0, column_type: Instance }
Assigned instance cell: Cell { region_index: RegionIndex(0), row_offset: 1656, column: Column { index: 0, column_type: Advice } } to row 0
Assigned instance AssignedValue { value: Trivial(0x01d909a048d5ab87da215d48a763e284299beec7a1ab03adf7b549177a082245), cell: Some(ContextCell { type_id: TypeId { t: 138225753924697899120126491281084398395 }, context_id: 0, offset: 20 }) } to instance_col Column { index: 0, column_type: Instance }
Assigned instance cell: Cell { region_index: RegionIndex(0), row_offset: 20, column: Column { index: 0, column_type: Advice } } to row 1
····End:     witness_collector-0 ...................................................386.220ms
····Start:   variable_base_msm-131072
····End:     variable_base_msm-131072 ..............................................234.494ms
····Start:   variable_base_msm-131072
····End:     variable_base_msm-131072 ..............................................172.497ms
····Start:   variable_base_msm-131072
····End:     variable_base_msm-131072 ..............................................212.412ms
····Start:   variable_base_msm-131072
····End:     variable_base_msm-131072 ..............................................160.849ms
····Start:   variable_base_msm-131072
····End:     variable_base_msm-131072 ..............................................256.445ms
····Start:   variable_base_msm-131072
····End:     variable_base_msm-131072 ..............................................47.387ms
····Start:   variable_base_msm-131072
····End:     variable_base_msm-131072 ..............................................16.285ms
····Start:   variable_base_msm-131072
····End:     variable_base_msm-131072 ..............................................15.936ms
····Start:   lookup_compressed_polys-1
······Start:   compressed_input_poly
······End:     compressed_input_poly ...............................................520.208µs
······Start:   compressed_table_poly
······End:     compressed_table_poly ...............................................996.875µs
····End:     lookup_compressed_polys-1 .............................................2.423ms
····Start:   lookup_m_polys-1
····End:     lookup_m_polys-1 ......................................................4.736ms
····Start:   variable_base_msm-131072
····End:     variable_base_msm-131072 ..............................................15.864ms
····Start:   lookup_h_polys-1
····End:     lookup_h_polys-1 ......................................................10.922ms
····Start:   variable_base_msm-131072
····End:     variable_base_msm-131072 ..............................................354.520ms
····Start:   variable_base_msm-131072
····End:     variable_base_msm-131072 ..............................................22.038ms
····Start:   evaluate_cross_term_polys-2
····End:     evaluate_cross_term_polys-2 ...........................................217.441ms
····Start:   variable_base_msm-131072
····End:     variable_base_msm-131072 ..............................................318.969ms
····Start:   variable_base_msm-131072
····End:     variable_base_msm-131072 ..............................................437.023ms
····Start:   fold_uncompressed
······Start:   variable_base_msm-2
······End:     variable_base_msm-2 .................................................410.542µs
······Start:   variable_base_msm-2
······End:     variable_base_msm-2 .................................................406.958µs
······Start:   variable_base_msm-2
······End:     variable_base_msm-2 .................................................414.208µs
······Start:   variable_base_msm-2
······End:     variable_base_msm-2 .................................................407.000µs
······Start:   variable_base_msm-2
······End:     variable_base_msm-2 .................................................406.791µs
······Start:   variable_base_msm-2
······End:     variable_base_msm-2 .................................................408.167µs
······Start:   variable_base_msm-2
······End:     variable_base_msm-2 .................................................408.458µs
······Start:   variable_base_msm-2
······End:     variable_base_msm-2 .................................................410.917µs
······Start:   variable_base_msm-2
······End:     variable_base_msm-2 .................................................408.708µs
······Start:   variable_base_msm-2
······End:     variable_base_msm-2 .................................................406.833µs
······Start:   variable_base_msm-2
······End:     variable_base_msm-2 .................................................407.292µs
······Start:   variable_base_msm-4
······End:     variable_base_msm-4 .................................................471.917µs
····End:     fold_uncompressed .....................................................37.123ms
····Start:   permutation_z_polys-8
······Start:   products
······End:     products ............................................................45.507ms
······Start:   z_polys
······End:     z_polys .............................................................36.398ms
······Start:   into_bh_order
······End:     into_bh_order .......................................................2.991ms
····End:     permutation_z_polys-8 .................................................85.871ms
····Start:   variable_base_msm-131072
····End:     variable_base_msm-131072 ..............................................352.682ms
····Start:   variable_base_msm-131072
····End:     variable_base_msm-131072 ..............................................331.622ms
····Start:   variable_base_msm-131072
····End:     variable_base_msm-131072 ..............................................342.684ms
····Start:   sum_check_prove-17-5
······Start:   sum_check_prove_round-0
······End:     sum_check_prove_round-0 .............................................291.857ms
······Start:   sum_check_next_round-0
······End:     sum_check_next_round-0 ..............................................59.307ms
······Start:   sum_check_prove_round-1
······End:     sum_check_prove_round-1 .............................................109.801ms
······Start:   sum_check_next_round-1
······End:     sum_check_next_round-1 ..............................................22.787ms
······Start:   sum_check_prove_round-2
······End:     sum_check_prove_round-2 .............................................60.786ms
······Start:   sum_check_next_round-2
······End:     sum_check_next_round-2 ..............................................12.570ms
······Start:   sum_check_prove_round-3
······End:     sum_check_prove_round-3 .............................................32.698ms
······Start:   sum_check_next_round-3
······End:     sum_check_next_round-3 ..............................................9.033ms
······Start:   sum_check_prove_round-4
······End:     sum_check_prove_round-4 .............................................22.304ms
······Start:   sum_check_next_round-4
······End:     sum_check_next_round-4 ..............................................12.529ms
······Start:   sum_check_prove_round-5
······End:     sum_check_prove_round-5 .............................................13.076ms
······Start:   sum_check_next_round-5
······End:     sum_check_next_round-5 ..............................................4.187ms
······Start:   sum_check_prove_round-6
······End:     sum_check_prove_round-6 .............................................5.987ms
······Start:   sum_check_next_round-6
······End:     sum_check_next_round-6 ..............................................2.862ms
······Start:   sum_check_prove_round-7
······End:     sum_check_prove_round-7 .............................................2.649ms
······Start:   sum_check_next_round-7
······End:     sum_check_next_round-7 ..............................................1.770ms
······Start:   sum_check_prove_round-8
······End:     sum_check_prove_round-8 .............................................1.840ms
······Start:   sum_check_next_round-8
······End:     sum_check_next_round-8 ..............................................1.542ms
······Start:   sum_check_prove_round-9
······End:     sum_check_prove_round-9 .............................................625.708µs
······Start:   sum_check_next_round-9
······End:     sum_check_next_round-9 ..............................................1.492ms
······Start:   sum_check_prove_round-10
······End:     sum_check_prove_round-10 ............................................396.375µs
······Start:   sum_check_next_round-10
······End:     sum_check_next_round-10 .............................................1.455ms
······Start:   sum_check_prove_round-11
······End:     sum_check_prove_round-11 ............................................199.250µs
······Start:   sum_check_next_round-11
······End:     sum_check_next_round-11 .............................................106.584µs
······Start:   sum_check_prove_round-12
······End:     sum_check_prove_round-12 ............................................148.166µs
······Start:   sum_check_next_round-12
······End:     sum_check_next_round-12 .............................................65.375µs
······Start:   sum_check_prove_round-13
······End:     sum_check_prove_round-13 ............................................68.500µs
······Start:   sum_check_next_round-13
······End:     sum_check_next_round-13 .............................................50.541µs
······Start:   sum_check_prove_round-14
······End:     sum_check_prove_round-14 ............................................122.792µs
······Start:   sum_check_next_round-14
······End:     sum_check_next_round-14 .............................................47.167µs
······Start:   sum_check_prove_round-15
······End:     sum_check_prove_round-15 ............................................46.417µs
······Start:   sum_check_next_round-15
······End:     sum_check_next_round-15 .............................................39.292µs
······Start:   sum_check_prove_round-16
······End:     sum_check_prove_round-16 ............................................41.292µs
······Start:   sum_check_next_round-16
······End:     sum_check_next_round-16 .............................................37.250µs
····End:     sum_check_prove-17-5 ..................................................696.423ms
····Start:   evals-53
····End:     evals-53 ..............................................................27.391ms
····Start:   pcs_batch_open-131
······Start:   merged_polys
······End:     merged_polys ........................................................110.208ms
······Start:   sum_check_prove-17-2
········Start:   sum_check_prove_round-0
········End:     sum_check_prove_round-0 ...........................................15.721ms
········Start:   sum_check_next_round-0
········End:     sum_check_next_round-0 ............................................17.278ms
········Start:   sum_check_prove_round-1
········End:     sum_check_prove_round-1 ...........................................8.268ms
········Start:   sum_check_next_round-1
········End:     sum_check_next_round-1 ............................................9.816ms
········Start:   sum_check_prove_round-2
········End:     sum_check_prove_round-2 ...........................................4.554ms
········Start:   sum_check_next_round-2
········End:     sum_check_next_round-2 ............................................5.762ms
········Start:   sum_check_prove_round-3
········End:     sum_check_prove_round-3 ...........................................2.953ms
········Start:   sum_check_next_round-3
········End:     sum_check_next_round-3 ............................................3.396ms
········Start:   sum_check_prove_round-4
········End:     sum_check_prove_round-4 ...........................................1.866ms
········Start:   sum_check_next_round-4
········End:     sum_check_next_round-4 ............................................1.966ms
········Start:   sum_check_prove_round-5
········End:     sum_check_prove_round-5 ...........................................1.044ms
········Start:   sum_check_next_round-5
········End:     sum_check_next_round-5 ............................................1.417ms
········Start:   sum_check_prove_round-6
········End:     sum_check_prove_round-6 ...........................................679.834µs
········Start:   sum_check_next_round-6
········End:     sum_check_next_round-6 ............................................1.096ms
········Start:   sum_check_prove_round-7
········End:     sum_check_prove_round-7 ...........................................561.958µs
········Start:   sum_check_next_round-7
········End:     sum_check_next_round-7 ............................................885.417µs
········Start:   sum_check_prove_round-8
········End:     sum_check_prove_round-8 ...........................................457.000µs
········Start:   sum_check_next_round-8
········End:     sum_check_next_round-8 ............................................917.333µs
········Start:   sum_check_prove_round-9
········End:     sum_check_prove_round-9 ...........................................412.292µs
········Start:   sum_check_next_round-9
········End:     sum_check_next_round-9 ............................................885.417µs
········Start:   sum_check_prove_round-10
········End:     sum_check_prove_round-10 ..........................................384.583µs
········Start:   sum_check_next_round-10
········End:     sum_check_next_round-10 ...........................................721.709µs
········Start:   sum_check_prove_round-11
········End:     sum_check_prove_round-11 ..........................................351.166µs
········Start:   sum_check_next_round-11
········End:     sum_check_next_round-11 ...........................................31.000µs
········Start:   sum_check_prove_round-12
········End:     sum_check_prove_round-12 ..........................................325.291µs
········Start:   sum_check_next_round-12
········End:     sum_check_next_round-12 ...........................................15.958µs
········Start:   sum_check_prove_round-13
········End:     sum_check_prove_round-13 ..........................................281.875µs
········Start:   sum_check_next_round-13
········End:     sum_check_next_round-13 ...........................................9.584µs
········Start:   sum_check_prove_round-14
········End:     sum_check_prove_round-14 ..........................................4.334µs
········Start:   sum_check_next_round-14
········End:     sum_check_next_round-14 ...........................................4.417µs
········Start:   sum_check_prove_round-15
········End:     sum_check_prove_round-15 ..........................................2.250µs
········Start:   sum_check_next_round-15
········End:     sum_check_next_round-15 ...........................................2.542µs
········Start:   sum_check_prove_round-16
········End:     sum_check_prove_round-16 ..........................................1.459µs
········Start:   sum_check_next_round-16
········End:     sum_check_next_round-16 ...........................................1.625µs
······End:     sum_check_prove-17-2 ................................................108.273ms
······Start:   g_prime
······End:     g_prime .............................................................11.145ms
······Start:   variable_base_msm-131
······End:     variable_base_msm-131 ...............................................1.827ms
······Start:   variable_base_msm-131072
······End:     variable_base_msm-131072 ............................................315.457ms
······Start:   variable_base_msm-65537
······End:     variable_base_msm-65537 .............................................165.108ms
······Start:   variable_base_msm-65537
······End:     variable_base_msm-65537 .............................................155.675ms
······Start:   variable_base_msm-32769
······End:     variable_base_msm-32769 .............................................132.609ms
······Start:   variable_base_msm-32769
······End:     variable_base_msm-32769 .............................................107.260ms
······Start:   variable_base_msm-16385
······End:     variable_base_msm-16385 .............................................59.928ms
······Start:   variable_base_msm-16385
······End:     variable_base_msm-16385 .............................................59.660ms
······Start:   variable_base_msm-8193
······End:     variable_base_msm-8193 ..............................................31.318ms
······Start:   variable_base_msm-8193
······End:     variable_base_msm-8193 ..............................................30.886ms
······Start:   variable_base_msm-4097
······End:     variable_base_msm-4097 ..............................................18.446ms
······Start:   variable_base_msm-4097
······End:     variable_base_msm-4097 ..............................................18.134ms
······Start:   variable_base_msm-2049
······End:     variable_base_msm-2049 ..............................................10.115ms
······Start:   variable_base_msm-2049
······End:     variable_base_msm-2049 ..............................................11.045ms
······Start:   variable_base_msm-1025
······End:     variable_base_msm-1025 ..............................................8.225ms
······Start:   variable_base_msm-1025
······End:     variable_base_msm-1025 ..............................................8.153ms
······Start:   variable_base_msm-513
······End:     variable_base_msm-513 ...............................................5.536ms
······Start:   variable_base_msm-513
······End:     variable_base_msm-513 ...............................................5.046ms
······Start:   variable_base_msm-257
······End:     variable_base_msm-257 ...............................................3.063ms
······Start:   variable_base_msm-257
······End:     variable_base_msm-257 ...............................................3.261ms
······Start:   variable_base_msm-129
······End:     variable_base_msm-129 ...............................................2.628ms
······Start:   variable_base_msm-129
······End:     variable_base_msm-129 ...............................................2.026ms
······Start:   variable_base_msm-65
······End:     variable_base_msm-65 ................................................1.628ms
······Start:   variable_base_msm-65
······End:     variable_base_msm-65 ................................................1.723ms
······Start:   variable_base_msm-33
······End:     variable_base_msm-33 ................................................2.114ms
······Start:   variable_base_msm-33
······End:     variable_base_msm-33 ................................................1.267ms
······Start:   variable_base_msm-17
······End:     variable_base_msm-17 ................................................870.083µs
······Start:   variable_base_msm-17
······End:     variable_base_msm-17 ................................................852.083µs
······Start:   variable_base_msm-9
······End:     variable_base_msm-9 .................................................1.065ms
······Start:   variable_base_msm-9
······End:     variable_base_msm-9 .................................................985.250µs
······Start:   variable_base_msm-5
······End:     variable_base_msm-5 .................................................564.458µs
······Start:   variable_base_msm-5
······End:     variable_base_msm-5 .................................................560.459µs
······Start:   variable_base_msm-3
······End:     variable_base_msm-3 .................................................492.458µs
······Start:   variable_base_msm-3
······End:     variable_base_msm-3 .................................................490.917µs
······Start:   variable_base_msm-2
······End:     variable_base_msm-2 .................................................457.208µs
······Start:   variable_base_msm-2
······End:     variable_base_msm-2 .................................................459.458µs
····End:     pcs_batch_open-131 ....................................................7.205s
··End:     prove_decider_with_last_nark-secondary-17 ...............................11.970s
End:     prove_decider .............................................................15.639s
Start:   variable_base_msm-31
End:     variable_base_msm-31 ......................................................1.125ms
Start:   variable_base_msm-18
End:     variable_base_msm-18 ......................................................1.122ms
Start:   variable_base_msm-2
End:     variable_base_msm-2 .......................................................411.958µs
Start:   variable_base_msm-2
End:     variable_base_msm-2 .......................................................409.333µs
Start:   variable_base_msm-2
End:     variable_base_msm-2 .......................................................407.083µs
Start:   variable_base_msm-2
End:     variable_base_msm-2 .......................................................407.959µs
Start:   variable_base_msm-2
End:     variable_base_msm-2 .......................................................407.500µs
Start:   variable_base_msm-2
End:     variable_base_msm-2 .......................................................407.042µs
Start:   variable_base_msm-2
End:     variable_base_msm-2 .......................................................407.333µs
Start:   variable_base_msm-2
End:     variable_base_msm-2 .......................................................407.583µs
Start:   variable_base_msm-2
End:     variable_base_msm-2 .......................................................407.291µs
Start:   variable_base_msm-2
End:     variable_base_msm-2 .......................................................406.959µs
Start:   variable_base_msm-2
End:     variable_base_msm-2 .......................................................407.208µs
Start:   variable_base_msm-4
End:     variable_base_msm-4 .......................................................475.375µs
Start:   variable_base_msm-31
End:     variable_base_msm-31 ......................................................1.269ms
Start:   variable_base_msm-35
End:     variable_base_msm-35 ......................................................986.917µs
Start:   variable_base_msm-2
End:     variable_base_msm-2 .......................................................455.625µs
Start:   variable_base_msm-131072
End:     variable_base_msm-131072 ..................................................390.178ms
[/Users/ak36/Desktop/axiom/halo2-lib/halo2-base/src/virtual_region/copy_constraints.rs:115] "WARNING: advice_equalities not empty" = "WARNING: advice_equalities not empty"
[/Users/ak36/Desktop/axiom/halo2-lib/halo2-base/src/virtual_region/copy_constraints.rs:118] "WARNING: constant_equalities not empty" = "WARNING: constant_equalities not empty"
[/Users/ak36/Desktop/axiom/halo2-lib/halo2-base/src/virtual_region/copy_constraints.rs:115] "WARNING: advice_equalities not empty" = "WARNING: advice_equalities not empty"
[/Users/ak36/Desktop/axiom/halo2-lib/halo2-base/src/virtual_region/copy_constraints.rs:118] "WARNING: constant_equalities not empty" = "WARNING: constant_equalities not empty"
test accumulation::protostar::ivc::halo2::test::gemini_kzg_ipa_protostar_hyperplonk_ivc ... ok

test result: ok. 1 passed; 0 failed; 0 ignored; 0 measured; 15 filtered out; finished in 39.62s

